[INFO][main.go:14]2021/08/19 09:40:59 [服务开始]
[INFO][core.go:10]2021/08/19 09:40:59 [探针启动]
[ERROR][redis.go:40]2021/08/19 09:40:59 [redis get data fail sleep 5minredis: nil]
[ERROR][redis.go:40]2021/08/19 09:40:59 [redis get data fail sleep 5minredis: nil]
[ERROR][redis.go:40]2021/08/19 09:45:59 [redis get data fail sleep 5minredis: nil]
[ERROR][redis.go:40]2021/08/19 09:45:59 [redis get data fail sleep 5minredis: nil]
[ERROR][redis.go:40]2021/08/19 09:51:00 [redis get data fail sleep 5minredis: nil]
[ERROR][redis.go:40]2021/08/19 09:51:00 [redis get data fail sleep 5minredis: nil]
[ERROR][redis.go:40]2021/08/19 09:56:00 [redis get data fail sleep 5minredis: nil]
[ERROR][redis.go:40]2021/08/19 09:56:00 [redis get data fail sleep 5minredis: nil]
[ERROR][redis.go:40]2021/08/19 10:01:00 [redis get data fail sleep 5minredis: nil]
[ERROR][redis.go:40]2021/08/19 10:01:00 [redis get data fail sleep 5minredis: nil]
[INFO][main.go:14]2021/08/19 10:04:21 [服务开始]
[INFO][core.go:10]2021/08/19 10:04:21 [beat start]
[ERROR][redis.go:40]2021/08/19 10:04:21 [redis get data fail sleep 5minredis: nil]
[ERROR][redis.go:40]2021/08/19 10:04:21 [redis get data fail sleep 5minredis: nil]
[ERROR][redis.go:40]2021/08/19 10:09:21 [redis get data fail sleep 5minredis: nil]
[ERROR][redis.go:40]2021/08/19 10:09:21 [redis get data fail sleep 5minredis: nil]
[INFO][main.go:14]2021/08/19 11:53:36 [服务开始]
[INFO][core.go:10]2021/08/19 11:53:36 [beat start]
[ERROR][redis.go:40]2021/08/19 11:53:36 [redis get data fail sleep 5minredis: nil]
[ERROR][redis.go:40]2021/08/19 11:53:36 [redis get data fail sleep 5minredis: nil]
[ERROR][redis.go:40]2021/08/19 11:58:36 [redis get data fail sleep 5minredis: nil]
[ERROR][redis.go:40]2021/08/19 11:58:36 [redis get data fail sleep 5minredis: nil]
[ERROR][redis.go:40]2021/08/19 12:03:36 [redis get data fail sleep 5minredis: nil]
[ERROR][redis.go:40]2021/08/19 12:03:36 [redis get data fail sleep 5minredis: nil]
[ERROR][redis.go:40]2021/08/19 12:08:36 [redis get data fail sleep 5minredis: nil]
[ERROR][redis.go:40]2021/08/19 12:08:36 [redis get data fail sleep 5minredis: nil]
[ERROR][redis.go:40]2021/08/19 12:50:21 [redis get data fail sleep 5minredis: nil]
[ERROR][redis.go:40]2021/08/19 12:50:21 [redis get data fail sleep 5minredis: nil]
[ERROR][redis.go:40]2021/08/19 13:10:43 [redis get data fail sleep 5minredis: nil]
[ERROR][redis.go:40]2021/08/19 13:10:43 [redis get data fail sleep 5minredis: nil]
[ERROR][redis.go:40]2021/08/19 13:15:43 [redis get data fail sleep 5minredis: nil]
[ERROR][redis.go:40]2021/08/19 13:15:43 [redis get data fail sleep 5minredis: nil]
[ERROR][redis.go:40]2021/08/19 13:20:43 [redis get data fail sleep 5minredis: nil]
[ERROR][redis.go:40]2021/08/19 13:20:43 [redis get data fail sleep 5minredis: nil]
[ERROR][redis.go:40]2021/08/19 13:21:01 [redis get data fail sleep 5minredis: nil]
[ERROR][redis.go:40]2021/08/19 13:25:43 [redis get data fail sleep 5minredis: nil]
[ERROR][redis.go:40]2021/08/19 13:25:43 [redis get data fail sleep 5minredis: nil]
[ERROR][redis.go:40]2021/08/19 13:30:43 [redis get data fail sleep 5minredis: nil]
[ERROR][redis.go:40]2021/08/19 13:30:43 [redis get data fail sleep 5minredis: nil]
[ERROR][redis.go:40]2021/08/19 13:35:43 [redis get data fail sleep 5minredis: nil]
[ERROR][redis.go:40]2021/08/19 13:35:43 [redis get data fail sleep 5minredis: nil]
[ERROR][redis.go:40]2021/08/19 13:40:18 [redis get data fail sleep 5minredis: nil]
[ERROR][redis.go:40]2021/08/19 13:40:43 [redis get data fail sleep 5minredis: nil]
[ERROR][redis.go:40]2021/08/19 13:40:43 [redis get data fail sleep 5minredis: nil]
[ERROR][redis.go:40]2021/08/19 13:45:43 [redis get data fail sleep 5minredis: nil]
[ERROR][redis.go:40]2021/08/19 13:45:43 [redis get data fail sleep 5minredis: nil]
[ERROR][redis.go:40]2021/08/19 13:50:43 [redis get data fail sleep 5minredis: nil]
[ERROR][redis.go:40]2021/08/19 13:50:43 [redis get data fail sleep 5minredis: nil]
[ERROR][redis.go:40]2021/08/19 13:55:43 [redis get data fail sleep 5minredis: nil]
[ERROR][redis.go:40]2021/08/19 13:55:43 [redis get data fail sleep 5minredis: nil]
[ERROR][redis.go:40]2021/08/19 14:00:30 [redis get data fail sleep 5minredis: nil]
[ERROR][redis.go:40]2021/08/19 14:00:43 [redis get data fail sleep 5minredis: nil]
[ERROR][redis.go:40]2021/08/19 14:00:43 [redis get data fail sleep 5minredis: nil]
[ERROR][redis.go:40]2021/08/19 14:04:37 [redis get data fail sleep 5minredis: nil]
[ERROR][redis.go:40]2021/08/19 14:05:43 [redis get data fail sleep 5minredis: nil]
[ERROR][redis.go:40]2021/08/19 14:05:43 [redis get data fail sleep 5minredis: nil]
[ERROR][redis.go:40]2021/08/19 14:08:23 [redis get data fail sleep 5minredis: nil]
[ERROR][redis.go:40]2021/08/19 14:10:43 [redis get data fail sleep 5minredis: nil]
[ERROR][redis.go:40]2021/08/19 14:10:43 [redis get data fail sleep 5minredis: nil]
[ERROR][redis.go:40]2021/08/19 14:15:43 [redis get data fail sleep 5minredis: nil]
[ERROR][redis.go:40]2021/08/19 14:15:43 [redis get data fail sleep 5minredis: nil]
[ERROR][redis.go:40]2021/08/19 14:20:43 [redis get data fail sleep 5minredis: nil]
[ERROR][redis.go:40]2021/08/19 14:20:43 [redis get data fail sleep 5minredis: nil]
[ERROR][redis.go:40]2021/08/19 14:25:43 [redis get data fail sleep 5minredis: nil]
[ERROR][redis.go:40]2021/08/19 14:25:43 [redis get data fail sleep 5minredis: nil]
[INFO][main.go:14]2021/08/19 14:28:44 [服务开始]
[INFO][core.go:10]2021/08/19 14:28:44 [beat start]
[ERROR][redis.go:40]2021/08/19 14:28:44 [redis get data fail sleep 5minredis: nil]
[ERROR][redis.go:40]2021/08/19 14:28:44 [redis get data fail sleep 5minredis: nil]
[INFO][main.go:14]2021/08/19 14:33:41 [服务开始]
[INFO][core.go:10]2021/08/19 14:33:41 [beat start]
[ERROR][redis.go:40]2021/08/19 14:33:41 [redis get data fail sleep 5minredis: nil]
[ERROR][redis.go:40]2021/08/19 14:33:41 [redis get data fail sleep 5minredis: nil]
[ERROR][redis.go:40]2021/08/19 14:34:29 [redis get data fail sleep 5minredis: nil]
[ERROR][redis.go:40]2021/08/19 14:35:30 [redis get data fail sleep 5minredis: nil]
[ERROR][redis.go:40]2021/08/19 14:37:43 [redis get data fail sleep 5minredis: nil]
[ERROR][redis.go:40]2021/08/19 14:38:41 [redis get data fail sleep 5minredis: nil]
[ERROR][redis.go:40]2021/08/19 14:38:41 [redis get data fail sleep 5minredis: nil]
[ERROR][redis.go:40]2021/08/19 14:38:54 [redis get data fail sleep 5minredis: nil]
[ERROR][redis.go:40]2021/08/19 14:39:45 [redis get data fail sleep 5minredis: nil]
[ERROR][redis.go:40]2021/08/19 14:42:54 [redis get data fail sleep 5minredis: nil]
[ERROR][redis.go:40]2021/08/19 14:43:41 [redis get data fail sleep 5minredis: nil]
[ERROR][redis.go:40]2021/08/19 14:43:41 [redis get data fail sleep 5minredis: nil]
[ERROR][redis.go:40]2021/08/19 14:45:33 [redis get data fail sleep 5minredis: nil]
[INFO][main.go:14]2021/08/19 14:47:02 [服务开始]
[INFO][core.go:10]2021/08/19 14:47:02 [beat start]
[ERROR][redis.go:40]2021/08/19 14:47:02 [redis get data fail sleep 5minredis: nil]
[ERROR][redis.go:40]2021/08/19 14:47:02 [redis get data fail sleep 5minredis: nil]
[ERROR][redis.go:40]2021/08/19 14:47:36 [redis get data fail sleep 5minredis: nil]
[INFO][main.go:14]2021/08/19 14:49:50 [服务开始]
[INFO][core.go:10]2021/08/19 14:49:50 [beat start]
[ERROR][redis.go:40]2021/08/19 14:49:50 [redis get data fail sleep 5minredis: nil]
[ERROR][redis.go:40]2021/08/19 14:49:50 [redis get data fail sleep 5minredis: nil]
[ERROR][redis.go:40]2021/08/19 14:50:47 [redis get data fail sleep 5minredis: nil]
[ERROR][redis.go:40]2021/08/19 14:54:23 [redis get data fail sleep 5minredis: nil]
[ERROR][redis.go:40]2021/08/19 14:54:50 [redis get data fail sleep 5minredis: nil]
[ERROR][redis.go:40]2021/08/19 14:54:50 [redis get data fail sleep 5minredis: nil]
[INFO][main.go:14]2021/08/19 14:55:34 [服务开始]
[INFO][core.go:10]2021/08/19 14:55:34 [beat start]
[ERROR][redis.go:40]2021/08/19 14:55:34 [redis get data fail sleep 5minredis: nil]
[ERROR][redis.go:40]2021/08/19 14:55:34 [redis get data fail sleep 5minredis: nil]
[ERROR][redis.go:40]2021/08/19 14:57:00 [redis get data fail sleep 5minredis: nil]
[ERROR][redis.go:40]2021/08/19 15:00:34 [redis get data fail sleep 5minredis: nil]
[ERROR][redis.go:40]2021/08/19 15:00:34 [redis get data fail sleep 5minredis: nil]
[ERROR][redis.go:40]2021/08/19 15:05:34 [redis get data fail sleep 5minredis: nil]
[ERROR][redis.go:40]2021/08/19 15:05:34 [redis get data fail sleep 5minredis: nil]
[ERROR][redis.go:40]2021/08/19 15:07:08 [redis get data fail sleep 5minredis: nil]
[ERROR][redis.go:40]2021/08/19 15:07:30 [redis get data fail sleep 5minredis: nil]
[ERROR][redis.go:40]2021/08/19 15:07:45 [redis get data fail sleep 5minredis: nil]
[ERROR][redis.go:40]2021/08/19 15:10:27 [redis get data fail sleep 5minredis: nil]
[ERROR][redis.go:40]2021/08/19 15:10:34 [redis get data fail sleep 5minredis: nil]
[ERROR][redis.go:40]2021/08/19 15:10:34 [redis get data fail sleep 5minredis: nil]
[ERROR][redis.go:40]2021/08/19 15:12:04 [redis get data fail sleep 5minredis: nil]
[INFO][main.go:14]2021/08/19 15:13:06 [服务开始]
[INFO][core.go:10]2021/08/19 15:13:06 [beat start]
[ERROR][redis.go:40]2021/08/19 15:13:06 [redis get data fail sleep 5minredis: nil]
[ERROR][redis.go:40]2021/08/19 15:13:06 [redis get data fail sleep 5minredis: nil]
[ERROR][redis.go:40]2021/08/19 15:14:00 [redis get data fail sleep 5minredis: nil]
[INFO][main.go:14]2021/08/19 15:15:58 [服务开始]
[INFO][core.go:10]2021/08/19 15:15:58 [beat start]
[ERROR][redis.go:40]2021/08/19 15:15:58 [redis get data fail sleep 5minredis: nil]
[ERROR][redis.go:40]2021/08/19 15:15:58 [redis get data fail sleep 5minredis: nil]
[ERROR][redis.go:40]2021/08/19 15:16:16 [redis get data fail sleep 5minredis: nil]
[ERROR][redis.go:40]2021/08/19 15:18:40 [redis get data fail sleep 5minredis: nil]
[ERROR][redis.go:40]2021/08/19 15:19:07 [redis get data fail sleep 5minredis: nil]
[ERROR][redis.go:40]2021/08/19 15:20:58 [redis get data fail sleep 5minredis: nil]
[ERROR][redis.go:40]2021/08/19 15:20:58 [redis get data fail sleep 5minredis: nil]
[ERROR][redis.go:40]2021/08/19 15:22:07 [redis get data fail sleep 5minredis: nil]
[ERROR][redis.go:40]2021/08/19 15:23:51 [redis get data fail sleep 5minredis: nil]
[ERROR][redis.go:40]2021/08/19 15:25:04 [redis get data fail sleep 5minredis: nil]
[ERROR][redis.go:40]2021/08/19 15:25:12 [redis get data fail sleep 5minredis: nil]
[ERROR][redis.go:40]2021/08/19 15:25:58 [redis get data fail sleep 5minredis: nil]
[ERROR][redis.go:40]2021/08/19 15:25:58 [redis get data fail sleep 5minredis: nil]
[ERROR][redis.go:40]2021/08/19 15:26:14 [redis get data fail sleep 5minredis: nil]
[ERROR][redis.go:40]2021/08/19 15:27:03 [redis get data fail sleep 5minredis: nil]
[ERROR][redis.go:40]2021/08/19 15:27:44 [redis get data fail sleep 5minredis: nil]
[ERROR][redis.go:40]2021/08/19 15:28:25 [redis get data fail sleep 5minredis: nil]
[ERROR][redis.go:40]2021/08/19 15:29:43 [redis get data fail sleep 5minredis: nil]
[ERROR][redis.go:40]2021/08/19 15:30:20 [redis get data fail sleep 5minredis: nil]
[ERROR][redis.go:40]2021/08/19 15:30:58 [redis get data fail sleep 5minredis: nil]
[ERROR][redis.go:40]2021/08/19 15:30:58 [redis get data fail sleep 5minredis: nil]
[ERROR][redis.go:40]2021/08/19 15:31:28 [redis get data fail sleep 5minredis: nil]
[ERROR][redis.go:40]2021/08/19 15:32:34 [redis get data fail sleep 5minredis: nil]
[ERROR][redis.go:40]2021/08/19 15:34:33 [redis get data fail sleep 5minredis: nil]
[ERROR][redis.go:40]2021/08/19 15:35:58 [redis get data fail sleep 5minredis: nil]
[ERROR][redis.go:40]2021/08/19 15:35:58 [redis get data fail sleep 5minredis: nil]
[ERROR][redis.go:40]2021/08/19 15:37:21 [redis get data fail sleep 5minredis: nil]
[ERROR][redis.go:40]2021/08/19 15:39:58 [redis get data fail sleep 5minredis: nil]
[ERROR][redis.go:40]2021/08/19 15:40:37 [redis get data fail sleep 5minredis: nil]
[ERROR][redis.go:40]2021/08/19 15:40:58 [redis get data fail sleep 5minredis: nil]
[ERROR][redis.go:40]2021/08/19 15:40:58 [redis get data fail sleep 5minredis: nil]
[ERROR][redis.go:40]2021/08/19 15:42:44 [redis get data fail sleep 5minredis: nil]
[ERROR][redis.go:40]2021/08/19 15:44:44 [redis get data fail sleep 5minredis: nil]
[ERROR][redis.go:40]2021/08/19 15:45:58 [redis get data fail sleep 5minredis: nil]
[ERROR][redis.go:40]2021/08/19 15:45:58 [redis get data fail sleep 5minredis: nil]
[ERROR][redis.go:40]2021/08/19 15:48:20 [redis get data fail sleep 5minredis: nil]
[ERROR][redis.go:40]2021/08/19 15:50:58 [redis get data fail sleep 5minredis: nil]
[ERROR][redis.go:40]2021/08/19 15:50:58 [redis get data fail sleep 5minredis: nil]
[ERROR][redis.go:40]2021/08/19 15:55:58 [redis get data fail sleep 5minredis: nil]
[ERROR][redis.go:40]2021/08/19 15:55:58 [redis get data fail sleep 5minredis: nil]
[ERROR][redis.go:40]2021/08/19 15:58:04 [redis get data fail sleep 5minredis: nil]
[ERROR][redis.go:40]2021/08/19 15:58:33 [redis get data fail sleep 5minredis: nil]
[ERROR][redis.go:40]2021/08/19 15:58:59 [redis get data fail sleep 5minredis: nil]
[ERROR][redis.go:40]2021/08/19 16:00:58 [redis get data fail sleep 5minredis: nil]
[ERROR][redis.go:40]2021/08/19 16:00:58 [redis get data fail sleep 5minredis: nil]
[ERROR][redis.go:40]2021/08/19 16:01:17 [redis get data fail sleep 5minredis: nil]
[ERROR][redis.go:40]2021/08/19 16:05:56 [redis get data fail sleep 5minredis: nil]
[ERROR][redis.go:40]2021/08/19 16:05:58 [redis get data fail sleep 5minredis: nil]
[ERROR][redis.go:40]2021/08/19 16:05:58 [redis get data fail sleep 5minredis: nil]
[ERROR][redis.go:40]2021/08/19 16:06:25 [redis get data fail sleep 5minredis: nil]
[ERROR][redis.go:40]2021/08/19 16:08:47 [redis get data fail sleep 5minredis: nil]
[INFO][main.go:14]2021/08/19 16:18:45 [服务开始]
[INFO][core.go:10]2021/08/19 16:18:45 [beat start]
[ERROR][redis.go:40]2021/08/19 16:18:45 [redis get data fail sleep 5minredis: nil]
[ERROR][redis.go:40]2021/08/19 16:18:45 [redis get data fail sleep 5minredis: nil]
[ERROR][redis.go:40]2021/08/19 16:19:22 [redis get data fail sleep 5minredis: nil]
[ERROR][redis.go:40]2021/08/19 16:19:47 [redis get data fail sleep 5minredis: nil]
[ERROR][redis.go:40]2021/08/19 16:20:12 [redis get data fail sleep 5minredis: nil]
[ERROR][redis.go:40]2021/08/19 16:23:45 [redis get data fail sleep 5minredis: nil]
[ERROR][redis.go:40]2021/08/19 16:23:45 [redis get data fail sleep 5minredis: nil]
[INFO][main.go:14]2021/08/19 16:37:57 [服务开始]
[INFO][core.go:10]2021/08/19 16:37:57 [beat start]
[ERROR][redis.go:40]2021/08/19 16:37:57 [redis get data fail sleep 5minredis: nil]
[ERROR][redis.go:40]2021/08/19 16:37:57 [redis get data fail sleep 5minredis: nil]
[ERROR][redis.go:40]2021/08/19 16:41:17 [redis get data fail sleep 5minredis: nil]
[ERROR][redis.go:40]2021/08/19 16:42:57 [redis get data fail sleep 5minredis: nil]
[ERROR][redis.go:40]2021/08/19 16:42:57 [redis get data fail sleep 5minredis: nil]
[INFO][main.go:14]2021/08/19 16:44:07 [服务开始]
[INFO][core.go:10]2021/08/19 16:44:07 [beat start]
[ERROR][redis.go:40]2021/08/19 16:44:07 [redis get data fail sleep 5minredis: nil]
[ERROR][redis.go:40]2021/08/19 16:44:07 [redis get data fail sleep 5minredis: nil]
[INFO][main.go:14]2021/08/19 16:45:00 [服务开始]
[INFO][core.go:10]2021/08/19 16:45:00 [beat start]
[ERROR][redis.go:40]2021/08/19 16:45:00 [redis get data fail sleep 5minredis: nil]
[ERROR][redis.go:40]2021/08/19 16:45:00 [redis get data fail sleep 5minredis: nil]
[INFO][main.go:14]2021/08/19 16:46:00 [服务开始]
[INFO][core.go:10]2021/08/19 16:46:00 [beat start]
[ERROR][redis.go:40]2021/08/19 16:46:00 [redis get data fail sleep 5minredis: nil]
[ERROR][redis.go:40]2021/08/19 16:46:00 [redis get data fail sleep 5minredis: nil]
[INFO][main.go:14]2021/08/19 16:47:07 [服务开始]
[INFO][core.go:10]2021/08/19 16:47:07 [beat start]
[ERROR][redis.go:40]2021/08/19 16:47:07 [redis get data fail sleep 5minredis: nil]
[ERROR][redis.go:40]2021/08/19 16:47:07 [redis get data fail sleep 5minredis: nil]
[INFO][main.go:14]2021/08/19 16:49:36 [服务开始]
[INFO][core.go:10]2021/08/19 16:49:36 [beat start]
[ERROR][redis.go:40]2021/08/19 16:49:36 [redis get data fail sleep 5minredis: nil]
[ERROR][redis.go:40]2021/08/19 16:49:36 [redis get data fail sleep 5minredis: nil]
[INFO][main.go:14]2021/08/19 16:51:57 [服务开始]
[INFO][core.go:10]2021/08/19 16:51:57 [beat start]
[ERROR][redis.go:40]2021/08/19 16:51:57 [redis get data fail sleep 5minredis: nil]
[ERROR][redis.go:40]2021/08/19 16:51:57 [redis get data fail sleep 5minredis: nil]
[INFO][main.go:14]2021/08/19 16:52:41 [服务开始]
[INFO][core.go:10]2021/08/19 16:52:41 [beat start]
[ERROR][redis.go:40]2021/08/19 16:52:41 [redis get data fail sleep 5minredis: nil]
[ERROR][redis.go:40]2021/08/19 16:52:41 [redis get data fail sleep 5minredis: nil]
[INFO][main.go:14]2021/08/19 16:54:01 [服务开始]
[INFO][core.go:10]2021/08/19 16:54:01 [beat start]
[ERROR][redis.go:40]2021/08/19 16:54:01 [redis get data fail sleep 5minredis: nil]
[ERROR][redis.go:40]2021/08/19 16:54:01 [redis get data fail sleep 5minredis: nil]
[INFO][main.go:14]2021/08/19 16:55:31 [服务开始]
[INFO][core.go:10]2021/08/19 16:55:31 [beat start]
[ERROR][redis.go:40]2021/08/19 16:55:31 [redis get data fail sleep 5minredis: nil]
[ERROR][redis.go:40]2021/08/19 16:55:31 [redis get data fail sleep 5minredis: nil]
[INFO][main.go:14]2021/08/19 16:56:42 [服务开始]
[INFO][core.go:10]2021/08/19 16:56:42 [beat start]
[ERROR][redis.go:40]2021/08/19 16:56:42 [redis get data fail sleep 5minredis: nil]
[ERROR][redis.go:40]2021/08/19 16:56:42 [redis get data fail sleep 5minredis: nil]
[INFO][main.go:14]2021/08/19 16:59:05 [服务开始]
[INFO][core.go:10]2021/08/19 16:59:05 [beat start]
[ERROR][redis.go:40]2021/08/19 16:59:05 [redis get data fail sleep 5minredis: nil]
[ERROR][redis.go:40]2021/08/19 16:59:05 [redis get data fail sleep 5minredis: nil]
[INFO][main.go:14]2021/08/19 17:01:39 [服务开始]
[INFO][core.go:10]2021/08/19 17:01:39 [beat start]
[ERROR][redis.go:40]2021/08/19 17:01:39 [redis get data fail sleep 5minredis: nil]
[ERROR][redis.go:40]2021/08/19 17:01:39 [redis get data fail sleep 5minredis: nil]
[INFO][main.go:14]2021/08/19 17:08:09 [服务开始]
[INFO][core.go:10]2021/08/19 17:08:09 [beat start]
[ERROR][redis.go:40]2021/08/19 17:08:09 [redis get data fail sleep 5minredis: nil]
[ERROR][redis.go:40]2021/08/19 17:08:09 [redis get data fail sleep 5minredis: nil]
[INFO][main.go:14]2021/08/19 17:09:03 [服务开始]
[INFO][core.go:10]2021/08/19 17:09:03 [beat start]
[ERROR][redis.go:40]2021/08/19 17:09:03 [redis get data fail sleep 5minredis: nil]
[ERROR][redis.go:40]2021/08/19 17:09:03 [redis get data fail sleep 5minredis: nil]
[ERROR][redis.go:40]2021/08/19 17:13:10 [redis get data fail sleep 5minredis: nil]
[ERROR][redis.go:40]2021/08/19 17:14:03 [redis get data fail sleep 5minredis: nil]
[ERROR][redis.go:40]2021/08/19 17:14:03 [redis get data fail sleep 5minredis: nil]
[ERROR][redis.go:40]2021/08/19 17:15:38 [redis get data fail sleep 5minredis: nil]
[ERROR][redis.go:40]2021/08/19 17:19:03 [redis get data fail sleep 5minredis: nil]
[ERROR][redis.go:40]2021/08/19 17:19:03 [redis get data fail sleep 5minredis: nil]
[INFO][main.go:14]2021/08/19 17:20:12 [服务开始]
[INFO][core.go:10]2021/08/19 17:20:12 [beat start]
[ERROR][redis.go:40]2021/08/19 17:20:12 [redis get data fail sleep 5minredis: nil]
[ERROR][redis.go:40]2021/08/19 17:20:12 [redis get data fail sleep 5minredis: nil]
[ERROR][grok.go:28]2021/08/19 17:23:42 [no pattern found for %{ELB_REQUEST_LINE}]
[ERROR][grok.go:28]2021/08/19 17:23:42 [no pattern found for %{ELB_REQUEST_LINE}]
[ERROR][grok.go:28]2021/08/19 17:23:42 [no pattern found for %{ELB_REQUEST_LINE}]
[ERROR][grok.go:28]2021/08/19 17:23:42 [no pattern found for %{ELB_REQUEST_LINE}]
[ERROR][grok.go:28]2021/08/19 17:24:10 [no pattern found for %{BACULA_TIMESTAMP}]
[ERROR][grok.go:28]2021/08/19 17:24:10 [no pattern found for %{BACULA_TIMESTAMP}]
[ERROR][grok.go:28]2021/08/19 17:24:10 [no pattern found for %{BACULA_TIMESTAMP}]
[ERROR][grok.go:28]2021/08/19 17:24:10 [no pattern found for %{BACULA_TIMESTAMP}]
[ERROR][grok.go:28]2021/08/19 17:24:26 [no pattern found for %{RUBY_LOGLEVEL}]
[ERROR][grok.go:28]2021/08/19 17:24:26 [no pattern found for %{RUBY_LOGLEVEL}]
[ERROR][grok.go:28]2021/08/19 17:24:26 [no pattern found for %{RUBY_LOGLEVEL}]
[ERROR][grok.go:28]2021/08/19 17:24:26 [no pattern found for %{RUBY_LOGLEVEL}]
[ERROR][redis.go:40]2021/08/19 17:25:12 [redis get data fail sleep 5minredis: nil]
[ERROR][redis.go:40]2021/08/19 17:25:12 [redis get data fail sleep 5minredis: nil]
[INFO][main.go:14]2021/08/19 17:25:58 [服务开始]
[INFO][core.go:10]2021/08/19 17:25:58 [beat start]
[ERROR][redis.go:40]2021/08/19 17:25:58 [redis get data fail sleep 5minredis: nil]
[ERROR][redis.go:40]2021/08/19 17:25:58 [redis get data fail sleep 5minredis: nil]
[ERROR][redis.go:40]2021/08/19 17:30:58 [redis get data fail sleep 5minredis: nil]
[ERROR][redis.go:40]2021/08/19 17:30:58 [redis get data fail sleep 5minredis: nil]
[ERROR][redis.go:40]2021/08/19 17:35:58 [redis get data fail sleep 5minredis: nil]
[ERROR][redis.go:40]2021/08/19 17:35:58 [redis get data fail sleep 5minredis: nil]
[ERROR][redis.go:40]2021/08/19 17:39:50 [redis get data fail sleep 5minredis: nil]
[ERROR][redis.go:40]2021/08/19 17:40:58 [redis get data fail sleep 5minredis: nil]
[ERROR][redis.go:40]2021/08/19 17:40:58 [redis get data fail sleep 5minredis: nil]
[ERROR][redis.go:40]2021/08/19 17:42:42 [redis get data fail sleep 5minredis: nil]
[ERROR][redis.go:40]2021/08/19 17:45:58 [redis get data fail sleep 5minredis: nil]
[ERROR][redis.go:40]2021/08/19 17:45:58 [redis get data fail sleep 5minredis: nil]
[ERROR][redis.go:40]2021/08/19 17:47:27 [redis get data fail sleep 5minredis: nil]
[ERROR][redis.go:40]2021/08/19 17:47:55 [redis get data fail sleep 5minredis: nil]
[ERROR][redis.go:40]2021/08/19 17:48:40 [redis get data fail sleep 5minredis: nil]
[ERROR][redis.go:40]2021/08/19 17:48:55 [redis get data fail sleep 5minredis: nil]
[ERROR][redis.go:40]2021/08/19 17:50:58 [redis get data fail sleep 5minredis: nil]
[ERROR][redis.go:40]2021/08/19 17:50:58 [redis get data fail sleep 5minredis: nil]
[ERROR][redis.go:40]2021/08/19 17:51:20 [redis get data fail sleep 5minredis: nil]
[ERROR][redis.go:40]2021/08/19 17:52:25 [redis get data fail sleep 5minredis: nil]
[ERROR][redis.go:40]2021/08/19 17:53:40 [redis get data fail sleep 5minredis: nil]
[ERROR][redis.go:40]2021/08/19 17:53:55 [redis get data fail sleep 5minredis: nil]
[ERROR][redis.go:40]2021/08/19 17:55:58 [redis get data fail sleep 5minredis: nil]
[ERROR][redis.go:40]2021/08/19 17:55:58 [redis get data fail sleep 5minredis: nil]
[ERROR][redis.go:40]2021/08/19 17:57:25 [redis get data fail sleep 5minredis: nil]
[ERROR][redis.go:40]2021/08/19 17:58:07 [redis get data fail sleep 5minredis: nil]
[ERROR][redis.go:40]2021/08/19 17:58:40 [redis get data fail sleep 5minredis: nil]
[ERROR][redis.go:40]2021/08/19 17:58:40 [redis get data fail sleep 5minredis: nil]
[ERROR][redis.go:40]2021/08/19 17:58:55 [redis get data fail sleep 5minredis: nil]
[ERROR][redis.go:40]2021/08/19 18:00:00 [redis get data fail sleep 5minredis: nil]
[ERROR][redis.go:40]2021/08/19 18:00:09 [redis get data fail sleep 5minredis: nil]
[ERROR][redis.go:40]2021/08/19 18:00:45 [redis get data fail sleep 5minredis: nil]
[ERROR][redis.go:40]2021/08/19 18:00:58 [redis get data fail sleep 5minredis: nil]
[ERROR][redis.go:40]2021/08/19 18:00:58 [redis get data fail sleep 5minredis: nil]
[ERROR][redis.go:40]2021/08/19 18:01:19 [redis get data fail sleep 5minredis: nil]
[ERROR][redis.go:40]2021/08/19 18:02:25 [redis get data fail sleep 5minredis: nil]
[ERROR][redis.go:40]2021/08/19 18:03:40 [redis get data fail sleep 5minredis: nil]
[ERROR][redis.go:40]2021/08/19 18:03:40 [redis get data fail sleep 5minredis: nil]
[ERROR][redis.go:40]2021/08/19 18:03:55 [redis get data fail sleep 5minredis: nil]
[ERROR][redis.go:40]2021/08/19 18:05:58 [redis get data fail sleep 5minredis: nil]
[ERROR][redis.go:40]2021/08/19 18:05:58 [redis get data fail sleep 5minredis: nil]
[ERROR][redis.go:40]2021/08/19 18:06:19 [redis get data fail sleep 5minredis: nil]
[ERROR][redis.go:40]2021/08/19 18:07:25 [redis get data fail sleep 5minredis: nil]
[ERROR][redis.go:40]2021/08/19 18:08:40 [redis get data fail sleep 5minredis: nil]
[ERROR][redis.go:40]2021/08/19 18:08:40 [redis get data fail sleep 5minredis: nil]
[ERROR][redis.go:40]2021/08/19 18:08:55 [redis get data fail sleep 5minredis: nil]
[ERROR][redis.go:40]2021/08/19 18:10:58 [redis get data fail sleep 5minredis: nil]
[ERROR][redis.go:40]2021/08/19 18:10:58 [redis get data fail sleep 5minredis: nil]
[ERROR][redis.go:40]2021/08/19 18:11:19 [redis get data fail sleep 5minredis: nil]
[ERROR][redis.go:40]2021/08/19 18:12:25 [redis get data fail sleep 5minredis: nil]
[ERROR][redis.go:40]2021/08/19 18:13:40 [redis get data fail sleep 5minredis: nil]
[ERROR][redis.go:40]2021/08/19 18:13:40 [redis get data fail sleep 5minredis: nil]
[ERROR][redis.go:40]2021/08/19 18:13:55 [redis get data fail sleep 5minredis: nil]
[ERROR][redis.go:40]2021/08/19 18:15:58 [redis get data fail sleep 5minredis: nil]
[ERROR][redis.go:40]2021/08/19 18:15:58 [redis get data fail sleep 5minredis: nil]
[ERROR][redis.go:40]2021/08/19 18:16:19 [redis get data fail sleep 5minredis: nil]
[ERROR][redis.go:40]2021/08/19 18:17:25 [redis get data fail sleep 5minredis: nil]
[ERROR][redis.go:40]2021/08/19 18:18:40 [redis get data fail sleep 5minredis: nil]
[ERROR][redis.go:40]2021/08/19 18:18:40 [redis get data fail sleep 5minredis: nil]
[ERROR][redis.go:40]2021/08/19 18:18:55 [redis get data fail sleep 5minredis: nil]
[ERROR][redis.go:40]2021/08/19 18:20:58 [redis get data fail sleep 5minredis: nil]
[ERROR][redis.go:40]2021/08/19 18:20:58 [redis get data fail sleep 5minredis: nil]
[ERROR][redis.go:40]2021/08/19 18:21:19 [redis get data fail sleep 5minredis: nil]
[ERROR][redis.go:40]2021/08/19 18:22:25 [redis get data fail sleep 5minredis: nil]
[ERROR][redis.go:40]2021/08/19 18:23:40 [redis get data fail sleep 5minredis: nil]
[ERROR][redis.go:40]2021/08/19 18:23:40 [redis get data fail sleep 5minredis: nil]
[ERROR][redis.go:40]2021/08/19 18:23:55 [redis get data fail sleep 5minredis: nil]
[ERROR][redis.go:40]2021/08/19 18:25:58 [redis get data fail sleep 5minredis: nil]
[ERROR][redis.go:40]2021/08/19 18:25:58 [redis get data fail sleep 5minredis: nil]
[ERROR][redis.go:40]2021/08/19 18:26:19 [redis get data fail sleep 5minredis: nil]
[ERROR][redis.go:40]2021/08/19 18:27:25 [redis get data fail sleep 5minredis: nil]
[ERROR][redis.go:40]2021/08/19 18:28:40 [redis get data fail sleep 5minredis: nil]
[ERROR][redis.go:40]2021/08/19 18:28:40 [redis get data fail sleep 5minredis: nil]
[ERROR][redis.go:40]2021/08/19 18:28:55 [redis get data fail sleep 5minredis: nil]
[ERROR][redis.go:40]2021/08/19 18:30:58 [redis get data fail sleep 5minredis: nil]
[ERROR][redis.go:40]2021/08/19 18:30:58 [redis get data fail sleep 5minredis: nil]
[ERROR][redis.go:40]2021/08/19 18:31:19 [redis get data fail sleep 5minredis: nil]
[ERROR][redis.go:40]2021/08/19 18:32:25 [redis get data fail sleep 5minredis: nil]
[ERROR][redis.go:40]2021/08/19 18:33:40 [redis get data fail sleep 5minredis: nil]
[ERROR][redis.go:40]2021/08/19 18:33:40 [redis get data fail sleep 5minredis: nil]
[ERROR][redis.go:40]2021/08/19 18:33:55 [redis get data fail sleep 5minredis: nil]
[ERROR][redis.go:40]2021/08/19 18:35:58 [redis get data fail sleep 5minredis: nil]
[ERROR][redis.go:40]2021/08/19 18:35:58 [redis get data fail sleep 5minredis: nil]
[ERROR][redis.go:40]2021/08/19 18:36:19 [redis get data fail sleep 5minredis: nil]
[ERROR][redis.go:40]2021/08/19 18:37:25 [redis get data fail sleep 5minredis: nil]
[ERROR][redis.go:40]2021/08/19 18:38:40 [redis get data fail sleep 5minredis: nil]
[ERROR][redis.go:40]2021/08/19 18:38:40 [redis get data fail sleep 5minredis: nil]
[ERROR][redis.go:40]2021/08/19 18:38:55 [redis get data fail sleep 5minredis: nil]
[ERROR][redis.go:40]2021/08/19 18:40:58 [redis get data fail sleep 5minredis: nil]
[ERROR][redis.go:40]2021/08/19 18:40:58 [redis get data fail sleep 5minredis: nil]
[ERROR][redis.go:40]2021/08/19 18:41:19 [redis get data fail sleep 5minredis: nil]
[ERROR][redis.go:40]2021/08/19 18:42:25 [redis get data fail sleep 5minredis: nil]
[ERROR][redis.go:40]2021/08/19 18:43:40 [redis get data fail sleep 5minredis: nil]
[ERROR][redis.go:40]2021/08/19 18:43:40 [redis get data fail sleep 5minredis: nil]
[ERROR][redis.go:40]2021/08/19 18:43:55 [redis get data fail sleep 5minredis: nil]
[ERROR][redis.go:40]2021/08/19 18:45:58 [redis get data fail sleep 5minredis: nil]
[ERROR][redis.go:40]2021/08/19 18:45:58 [redis get data fail sleep 5minredis: nil]
[ERROR][redis.go:40]2021/08/19 18:46:19 [redis get data fail sleep 5minredis: nil]
[ERROR][redis.go:40]2021/08/19 18:47:25 [redis get data fail sleep 5minredis: nil]
[ERROR][redis.go:40]2021/08/19 18:48:40 [redis get data fail sleep 5minredis: nil]
[ERROR][redis.go:40]2021/08/19 18:48:40 [redis get data fail sleep 5minredis: nil]
[ERROR][redis.go:40]2021/08/19 18:48:55 [redis get data fail sleep 5minredis: nil]
[ERROR][redis.go:40]2021/08/19 18:50:58 [redis get data fail sleep 5minredis: nil]
[ERROR][redis.go:40]2021/08/19 18:50:58 [redis get data fail sleep 5minredis: nil]
[ERROR][redis.go:40]2021/08/19 18:51:19 [redis get data fail sleep 5minredis: nil]
[ERROR][redis.go:40]2021/08/19 18:52:25 [redis get data fail sleep 5minredis: nil]
[ERROR][redis.go:40]2021/08/19 18:53:40 [redis get data fail sleep 5minredis: nil]
[ERROR][redis.go:40]2021/08/19 18:53:40 [redis get data fail sleep 5minredis: nil]
[ERROR][redis.go:40]2021/08/19 18:53:55 [redis get data fail sleep 5minredis: nil]
[ERROR][redis.go:40]2021/08/19 18:55:58 [redis get data fail sleep 5minredis: nil]
[ERROR][redis.go:40]2021/08/19 18:55:58 [redis get data fail sleep 5minredis: nil]
[ERROR][redis.go:40]2021/08/19 18:56:19 [redis get data fail sleep 5minredis: nil]
[ERROR][redis.go:40]2021/08/19 18:57:25 [redis get data fail sleep 5minredis: nil]
[ERROR][redis.go:40]2021/08/19 18:58:40 [redis get data fail sleep 5minredis: nil]
[ERROR][redis.go:40]2021/08/19 18:58:40 [redis get data fail sleep 5minredis: nil]
[ERROR][redis.go:40]2021/08/19 18:58:55 [redis get data fail sleep 5minredis: nil]
[ERROR][redis.go:40]2021/08/19 19:00:58 [redis get data fail sleep 5minredis: nil]
[ERROR][redis.go:40]2021/08/19 19:00:58 [redis get data fail sleep 5minredis: nil]
[ERROR][redis.go:40]2021/08/19 19:01:19 [redis get data fail sleep 5minredis: nil]
